
#------------------------------------------------------------------------------
# $File: varied.out,v 1.22 2010/07/02 00:06:27 christos Exp $
# varied.out:  file(1) magic for various USG systems
#
#	Herewith many of the object file formats used by USG systems.
#	Most have been moved to files for a particular processor,
#	and deleted if they duplicate other entries.
#
0	short		0610		Perkin-Elmer executable|4325
# AMD 29K
0	beshort		0572		amd 29k coff noprebar executable|4326
0	beshort		01572		amd 29k coff prebar executable|4327
0	beshort		0160007		amd 29k coff archive|4328
# Cray
6	beshort		0407		unicos (cray) executable|4329
# Ultrix 4.3
596	string		\130\337\377\377	Ultrix core file|4330
>600	string		>\0		from '%s'|4330
# BeOS and MAcOS PEF executables
# From: hplus@zilker.net (Jon Watte)
0	string		Joy!peffpwpc	header for PowerPC PEF executable|4331
#
# ava assembler/linker Uros Platise <uros.platise@ijs.si>
0       string          avaobj  AVR assembler object code|4332
>7      string          >\0     version '%s'|4332
# gnu gmon magic From: Eugen Dedu <dedu@ese-metz.fr>
0	string		gmon		GNU prof performance data|4333
>4	long		x		- version %d|4333
# From: Dave Pearson <davep@davep.org>
# Harbour <URL:http://harbour-project.org/> HRB files.
0	string		\xc0HRB		Harbour HRB file|4334
>4	leshort		x		version %d|4334
# Harbour HBV files
0	string		\xc0HBV		Harbour variable dump file|4335
>4	leshort		x		version %d|4335

# From: Alex Beregszaszi <alex@fsn.hu>
# 0	string		exec 		BugOS executable
# 0	string		pack		BugOS archive

# From: Jason Spence <jspence@lightconsulting.com>
# Generated by the "examples" in STM's ST40 devkit, and derived code.
0	lelong		0x13a9f17e	ST40 component image format|4336
>4	string		>\0		\b, name '%s'|4336

